<?xml version="1.0" encoding="UTF-8"?>
<testng-results skipped="0" failed="0" ignored="0" total="1" passed="1">
  <reporter-output>
  </reporter-output>
  <suite name="Default suite" duration-ms="1877" started-at="2019-02-03T11:39:40Z" finished-at="2019-02-03T11:39:42Z">
    <groups>
    </groups>
    <test name="Default test" duration-ms="1877" started-at="2019-02-03T11:39:40Z" finished-at="2019-02-03T11:39:42Z">
      <class name="com.qa.sms.ReadExcel">
        <test-method status="PASS" signature="send()[pri:0, instance:com.qa.sms.ReadExcel@2669b199]" name="send" duration-ms="1847" started-at="2019-02-03T17:09:40Z" finished-at="2019-02-03T17:09:41Z">
          <reporter-output>
          </reporter-output>
        </test-method> <!-- send -->
      </class> <!-- com.qa.sms.ReadExcel -->
    </test> <!-- Default test -->
  </suite> <!-- Default suite -->
</testng-results>
